<?xml version="1.0" encoding="UTF-8"?>
<!-- Generated by org.testng.reporters.JUnitReportReporter -->
<testsuite skipped="0" hostname="ojt28-PC" name="DriverFactory.AppTest" tests="1" failures="0" timestamp="07 Jan 2020 12:49:18 GMT" time="46.114" errors="0">
  <testcase name="startTest" time="46.114" classname="DriverFactory.AppTest"/>
</testsuite> <!-- DriverFactory.AppTest -->
